0 info it worked if it ends with ok
1 verbose cli [ 'node', '/usr/local/bin/npm', 'install' ]
2 info using npm@1.4.4
3 info using node@v0.10.21
4 verbose node symlink /usr/local/bin/node
5 error install Couldn't read dependencies
6 error Failed to parse json
6 error Unexpected number
7 error File: /Users/seejee/code/collective-access-extractor/package.json
8 error Failed to parse package.json data.
8 error package.json must be actual JSON, not just JavaScript.
8 error
8 error This is not a bug in npm.
8 error Tell the package author to fix their package.json file. JSON.parse
9 error System Darwin 13.1.0
10 error command "node" "/usr/local/bin/npm" "install"
11 error cwd /Users/seejee/code/collective-access-extractor
12 error node -v v0.10.21
13 error npm -v 1.4.4
14 error file /Users/seejee/code/collective-access-extractor/package.json
15 error code EJSONPARSE
16 verbose exit [ 1, true ]
